[2026-03-13 21:06:08] production.ERROR: Class "Spatie\Translatable\TranslatableServiceProvider" not found {"exception":"[object] (Error(code: 0): Class \"Spatie\\Translatable\\TranslatableServiceProvider\" not found at /home/storage/7/66/ec/danqueiroz1/laravel/vendor/laravel/framework/src/Illuminate/Foundation/Application.php:961)
[stacktrace]
#0 /home/storage/7/66/ec/danqueiroz1/laravel/vendor/laravel/framework/src/Illuminate/Foundation/Application.php(893): Illuminate\\Foundation\\Application->resolveProvider('Spatie\\\\Translat...')
#1 /home/storage/7/66/ec/danqueiroz1/laravel/vendor/laravel/framework/src/Illuminate/Foundation/ProviderRepository.php(75): Illuminate\\Foundation\\Application->register('Spatie\\\\Translat...')
#2 /home/storage/7/66/ec/danqueiroz1/laravel/vendor/laravel/framework/src/Illuminate/Foundation/Application.php(871): Illuminate\\Foundation\\ProviderRepository->load(Array)
#3 /home/storage/7/66/ec/danqueiroz1/laravel/vendor/laravel/framework/src/Illuminate/Foundation/Bootstrap/RegisterProviders.php(37): Illuminate\\Foundation\\Application->registerConfiguredProviders()
#4 /home/storage/7/66/ec/danqueiroz1/laravel/vendor/laravel/framework/src/Illuminate/Foundation/Application.php(342): Illuminate\\Foundation\\Bootstrap\\RegisterProviders->bootstrap(Object(Illuminate\\Foundation\\Application))
#5 /home/storage/7/66/ec/danqueiroz1/laravel/vendor/laravel/framework/src/Illuminate/Foundation/Http/Kernel.php(187): Illuminate\\Foundation\\Application->bootstrapWith(Array)
#6 /home/storage/7/66/ec/danqueiroz1/laravel/vendor/laravel/framework/src/Illuminate/Foundation/Http/Kernel.php(171): Illuminate\\Foundation\\Http\\Kernel->bootstrap()
#7 /home/storage/7/66/ec/danqueiroz1/laravel/vendor/laravel/framework/src/Illuminate/Foundation/Http/Kernel.php(145): Illuminate\\Foundation\\Http\\Kernel->sendRequestThroughRouter(Object(Illuminate\\Http\\Request))
#8 /home/storage/7/66/ec/danqueiroz1/public_html/index.php(63): Illuminate\\Foundation\\Http\\Kernel->handle(Object(Illuminate\\Http\\Request))
#9 {main}
"} 
[2026-03-13 21:06:08] production.ERROR: Target class [translator] does not exist. (View: /home/storage/7/66/ec/danqueiroz1/laravel/vendor/laravel/framework/src/Illuminate/Foundation/Exceptions/views/500.blade.php) {"exception":"[object] (Illuminate\\View\\ViewException(code: 0): Target class [translator] does not exist. (View: /home/storage/7/66/ec/danqueiroz1/laravel/vendor/laravel/framework/src/Illuminate/Foundation/Exceptions/views/500.blade.php) at /home/storage/7/66/ec/danqueiroz1/laravel/vendor/laravel/framework/src/Illuminate/Container/Container.php:961)
[stacktrace]
#0 /home/storage/7/66/ec/danqueiroz1/laravel/vendor/laravel/framework/src/Illuminate/View/Engines/PhpEngine.php(60): Illuminate\\View\\Engines\\CompilerEngine->handleViewException(Object(Illuminate\\Contracts\\Container\\BindingResolutionException), 1)
#1 /home/storage/7/66/ec/danqueiroz1/laravel/vendor/laravel/framework/src/Illuminate/View/Engines/CompilerEngine.php(75): Illuminate\\View\\Engines\\PhpEngine->evaluatePath('/home/storage/7...', Array)
#2 /home/storage/7/66/ec/danqueiroz1/laravel/vendor/laravel/framework/src/Illuminate/View/View.php(209): Illuminate\\View\\Engines\\CompilerEngine->get('/home/storage/7...', Array)
#3 /home/storage/7/66/ec/danqueiroz1/laravel/vendor/laravel/framework/src/Illuminate/View/View.php(192): Illuminate\\View\\View->getContents()
#4 /home/storage/7/66/ec/danqueiroz1/laravel/vendor/laravel/framework/src/Illuminate/View/View.php(161): Illuminate\\View\\View->renderContents()
#5 /home/storage/7/66/ec/danqueiroz1/laravel/vendor/laravel/framework/src/Illuminate/Http/Response.php(79): Illuminate\\View\\View->render()
#6 /home/storage/7/66/ec/danqueiroz1/laravel/vendor/laravel/framework/src/Illuminate/Http/Response.php(35): Illuminate\\Http\\Response->setContent(Object(Illuminate\\View\\View))
#7 /home/storage/7/66/ec/danqueiroz1/laravel/vendor/laravel/framework/src/Illuminate/Routing/ResponseFactory.php(60): Illuminate\\Http\\Response->__construct(Object(Illuminate\\View\\View), 500, Array)
#8 /home/storage/7/66/ec/danqueiroz1/laravel/vendor/laravel/framework/src/Illuminate/Routing/ResponseFactory.php(90): Illuminate\\Routing\\ResponseFactory->make(Object(Illuminate\\View\\View), 500, Array)
#9 /home/storage/7/66/ec/danqueiroz1/laravel/vendor/laravel/framework/src/Illuminate/Foundation/Exceptions/Handler.php(894): Illuminate\\Routing\\ResponseFactory->view('errors::500', Array, 500, Array)
#10 /home/storage/7/66/ec/danqueiroz1/laravel/vendor/laravel/framework/src/Illuminate/Foundation/Exceptions/Handler.php(815): Illuminate\\Foundation\\Exceptions\\Handler->renderHttpException(Object(Symfony\\Component\\HttpKernel\\Exception\\HttpException))
#11 /home/storage/7/66/ec/danqueiroz1/laravel/vendor/laravel/framework/src/Illuminate/Foundation/Exceptions/Handler.php(706): Illuminate\\Foundation\\Exceptions\\Handler->prepareResponse(Object(Illuminate\\Http\\Request), Object(Symfony\\Component\\HttpKernel\\Exception\\HttpException))
#12 /home/storage/7/66/ec/danqueiroz1/laravel/vendor/laravel/framework/src/Illuminate/Foundation/Exceptions/Handler.php(594): Illuminate\\Foundation\\Exceptions\\Handler->renderExceptionResponse(Object(Illuminate\\Http\\Request), Object(Error))
#13 /home/storage/7/66/ec/danqueiroz1/laravel/vendor/laravel/framework/src/Illuminate/Foundation/Http/Kernel.php(575): Illuminate\\Foundation\\Exceptions\\Handler->render(Object(Illuminate\\Http\\Request), Object(Error))
#14 /home/storage/7/66/ec/danqueiroz1/laravel/vendor/laravel/framework/src/Illuminate/Foundation/Http/Kernel.php(149): Illuminate\\Foundation\\Http\\Kernel->renderException(Object(Illuminate\\Http\\Request), Object(Error))
#15 /home/storage/7/66/ec/danqueiroz1/public_html/index.php(63): Illuminate\\Foundation\\Http\\Kernel->handle(Object(Illuminate\\Http\\Request))
#16 {main}

[previous exception] [object] (Illuminate\\Contracts\\Container\\BindingResolutionException(code: 0): Target class [translator] does not exist. at /home/storage/7/66/ec/danqueiroz1/laravel/vendor/laravel/framework/src/Illuminate/Container/Container.php:961)
[stacktrace]
#0 /home/storage/7/66/ec/danqueiroz1/laravel/vendor/laravel/framework/src/Illuminate/Container/Container.php(832): Illuminate\\Container\\Container->build('translator')
#1 /home/storage/7/66/ec/danqueiroz1/laravel/vendor/laravel/framework/src/Illuminate/Foundation/Application.php(1078): Illuminate\\Container\\Container->resolve('translator', Array, true)
#2 /home/storage/7/66/ec/danqueiroz1/laravel/vendor/laravel/framework/src/Illuminate/Container/Container.php(763): Illuminate\\Foundation\\Application->resolve('translator', Array)
#3 /home/storage/7/66/ec/danqueiroz1/laravel/vendor/laravel/framework/src/Illuminate/Foundation/Application.php(1058): Illuminate\\Container\\Container->make('translator', Array)
#4 /home/storage/7/66/ec/danqueiroz1/laravel/vendor/laravel/framework/src/Illuminate/Foundation/helpers.php(124): Illuminate\\Foundation\\Application->make('translator', Array)
#5 /home/storage/7/66/ec/danqueiroz1/laravel/vendor/laravel/framework/src/Illuminate/Foundation/helpers.php(965): app('translator')
#6 /home/storage/7/66/ec/danqueiroz1/laravel/vendor/laravel/framework/src/Illuminate/Foundation/helpers.php(1000): trans('Server Error', Array, NULL)
#7 /home/storage/7/66/ec/danqueiroz1/laravel/storage/framework/views/dc6d0f6bfa75a8ef54b4706e4e193e70.php(1): __('Server Error')
#8 /home/storage/7/66/ec/danqueiroz1/laravel/vendor/laravel/framework/src/Illuminate/Filesystem/Filesystem.php(123): require('/home/storage/7...')
#9 /home/storage/7/66/ec/danqueiroz1/laravel/vendor/laravel/framework/src/Illuminate/Filesystem/Filesystem.php(124): Illuminate\\Filesystem\\Filesystem::Illuminate\\Filesystem\\{closure}()
#10 /home/storage/7/66/ec/danqueiroz1/laravel/vendor/laravel/framework/src/Illuminate/View/Engines/PhpEngine.php(58): Illuminate\\Filesystem\\Filesystem->getRequire('/home/storage/7...', Array)
#11 /home/storage/7/66/ec/danqueiroz1/laravel/vendor/laravel/framework/src/Illuminate/View/Engines/CompilerEngine.php(75): Illuminate\\View\\Engines\\PhpEngine->evaluatePath('/home/storage/7...', Array)
#12 /home/storage/7/66/ec/danqueiroz1/laravel/vendor/laravel/framework/src/Illuminate/View/View.php(209): Illuminate\\View\\Engines\\CompilerEngine->get('/home/storage/7...', Array)
#13 /home/storage/7/66/ec/danqueiroz1/laravel/vendor/laravel/framework/src/Illuminate/View/View.php(192): Illuminate\\View\\View->getContents()
#14 /home/storage/7/66/ec/danqueiroz1/laravel/vendor/laravel/framework/src/Illuminate/View/View.php(161): Illuminate\\View\\View->renderContents()
#15 /home/storage/7/66/ec/danqueiroz1/laravel/vendor/laravel/framework/src/Illuminate/Http/Response.php(79): Illuminate\\View\\View->render()
#16 /home/storage/7/66/ec/danqueiroz1/laravel/vendor/laravel/framework/src/Illuminate/Http/Response.php(35): Illuminate\\Http\\Response->setContent(Object(Illuminate\\View\\View))
#17 /home/storage/7/66/ec/danqueiroz1/laravel/vendor/laravel/framework/src/Illuminate/Routing/ResponseFactory.php(60): Illuminate\\Http\\Response->__construct(Object(Illuminate\\View\\View), 500, Array)
#18 /home/storage/7/66/ec/danqueiroz1/laravel/vendor/laravel/framework/src/Illuminate/Routing/ResponseFactory.php(90): Illuminate\\Routing\\ResponseFactory->make(Object(Illuminate\\View\\View), 500, Array)
#19 /home/storage/7/66/ec/danqueiroz1/laravel/vendor/laravel/framework/src/Illuminate/Foundation/Exceptions/Handler.php(894): Illuminate\\Routing\\ResponseFactory->view('errors::500', Array, 500, Array)
#20 /home/storage/7/66/ec/danqueiroz1/laravel/vendor/laravel/framework/src/Illuminate/Foundation/Exceptions/Handler.php(815): Illuminate\\Foundation\\Exceptions\\Handler->renderHttpException(Object(Symfony\\Component\\HttpKernel\\Exception\\HttpException))
#21 /home/storage/7/66/ec/danqueiroz1/laravel/vendor/laravel/framework/src/Illuminate/Foundation/Exceptions/Handler.php(706): Illuminate\\Foundation\\Exceptions\\Handler->prepareResponse(Object(Illuminate\\Http\\Request), Object(Symfony\\Component\\HttpKernel\\Exception\\HttpException))
#22 /home/storage/7/66/ec/danqueiroz1/laravel/vendor/laravel/framework/src/Illuminate/Foundation/Exceptions/Handler.php(594): Illuminate\\Foundation\\Exceptions\\Handler->renderExceptionResponse(Object(Illuminate\\Http\\Request), Object(Error))
#23 /home/storage/7/66/ec/danqueiroz1/laravel/vendor/laravel/framework/src/Illuminate/Foundation/Http/Kernel.php(575): Illuminate\\Foundation\\Exceptions\\Handler->render(Object(Illuminate\\Http\\Request), Object(Error))
#24 /home/storage/7/66/ec/danqueiroz1/laravel/vendor/laravel/framework/src/Illuminate/Foundation/Http/Kernel.php(149): Illuminate\\Foundation\\Http\\Kernel->renderException(Object(Illuminate\\Http\\Request), Object(Error))
#25 /home/storage/7/66/ec/danqueiroz1/public_html/index.php(63): Illuminate\\Foundation\\Http\\Kernel->handle(Object(Illuminate\\Http\\Request))
#26 {main}

[previous exception] [object] (ReflectionException(code: -1): Class \"translator\" does not exist at /home/storage/7/66/ec/danqueiroz1/laravel/vendor/laravel/framework/src/Illuminate/Container/Container.php:959)
[stacktrace]
#0 /home/storage/7/66/ec/danqueiroz1/laravel/vendor/laravel/framework/src/Illuminate/Container/Container.php(959): ReflectionClass->__construct('translator')
#1 /home/storage/7/66/ec/danqueiroz1/laravel/vendor/laravel/framework/src/Illuminate/Container/Container.php(832): Illuminate\\Container\\Container->build('translator')
#2 /home/storage/7/66/ec/danqueiroz1/laravel/vendor/laravel/framework/src/Illuminate/Foundation/Application.php(1078): Illuminate\\Container\\Container->resolve('translator', Array, true)
#3 /home/storage/7/66/ec/danqueiroz1/laravel/vendor/laravel/framework/src/Illuminate/Container/Container.php(763): Illuminate\\Foundation\\Application->resolve('translator', Array)
#4 /home/storage/7/66/ec/danqueiroz1/laravel/vendor/laravel/framework/src/Illuminate/Foundation/Application.php(1058): Illuminate\\Container\\Container->make('translator', Array)
#5 /home/storage/7/66/ec/danqueiroz1/laravel/vendor/laravel/framework/src/Illuminate/Foundation/helpers.php(124): Illuminate\\Foundation\\Application->make('translator', Array)
#6 /home/storage/7/66/ec/danqueiroz1/laravel/vendor/laravel/framework/src/Illuminate/Foundation/helpers.php(965): app('translator')
#7 /home/storage/7/66/ec/danqueiroz1/laravel/vendor/laravel/framework/src/Illuminate/Foundation/helpers.php(1000): trans('Server Error', Array, NULL)
#8 /home/storage/7/66/ec/danqueiroz1/laravel/storage/framework/views/dc6d0f6bfa75a8ef54b4706e4e193e70.php(1): __('Server Error')
#9 /home/storage/7/66/ec/danqueiroz1/laravel/vendor/laravel/framework/src/Illuminate/Filesystem/Filesystem.php(123): require('/home/storage/7...')
#10 /home/storage/7/66/ec/danqueiroz1/laravel/vendor/laravel/framework/src/Illuminate/Filesystem/Filesystem.php(124): Illuminate\\Filesystem\\Filesystem::Illuminate\\Filesystem\\{closure}()
#11 /home/storage/7/66/ec/danqueiroz1/laravel/vendor/laravel/framework/src/Illuminate/View/Engines/PhpEngine.php(58): Illuminate\\Filesystem\\Filesystem->getRequire('/home/storage/7...', Array)
#12 /home/storage/7/66/ec/danqueiroz1/laravel/vendor/laravel/framework/src/Illuminate/View/Engines/CompilerEngine.php(75): Illuminate\\View\\Engines\\PhpEngine->evaluatePath('/home/storage/7...', Array)
#13 /home/storage/7/66/ec/danqueiroz1/laravel/vendor/laravel/framework/src/Illuminate/View/View.php(209): Illuminate\\View\\Engines\\CompilerEngine->get('/home/storage/7...', Array)
#14 /home/storage/7/66/ec/danqueiroz1/laravel/vendor/laravel/framework/src/Illuminate/View/View.php(192): Illuminate\\View\\View->getContents()
#15 /home/storage/7/66/ec/danqueiroz1/laravel/vendor/laravel/framework/src/Illuminate/View/View.php(161): Illuminate\\View\\View->renderContents()
#16 /home/storage/7/66/ec/danqueiroz1/laravel/vendor/laravel/framework/src/Illuminate/Http/Response.php(79): Illuminate\\View\\View->render()
#17 /home/storage/7/66/ec/danqueiroz1/laravel/vendor/laravel/framework/src/Illuminate/Http/Response.php(35): Illuminate\\Http\\Response->setContent(Object(Illuminate\\View\\View))
#18 /home/storage/7/66/ec/danqueiroz1/laravel/vendor/laravel/framework/src/Illuminate/Routing/ResponseFactory.php(60): Illuminate\\Http\\Response->__construct(Object(Illuminate\\View\\View), 500, Array)
#19 /home/storage/7/66/ec/danqueiroz1/laravel/vendor/laravel/framework/src/Illuminate/Routing/ResponseFactory.php(90): Illuminate\\Routing\\ResponseFactory->make(Object(Illuminate\\View\\View), 500, Array)
#20 /home/storage/7/66/ec/danqueiroz1/laravel/vendor/laravel/framework/src/Illuminate/Foundation/Exceptions/Handler.php(894): Illuminate\\Routing\\ResponseFactory->view('errors::500', Array, 500, Array)
#21 /home/storage/7/66/ec/danqueiroz1/laravel/vendor/laravel/framework/src/Illuminate/Foundation/Exceptions/Handler.php(815): Illuminate\\Foundation\\Exceptions\\Handler->renderHttpException(Object(Symfony\\Component\\HttpKernel\\Exception\\HttpException))
#22 /home/storage/7/66/ec/danqueiroz1/laravel/vendor/laravel/framework/src/Illuminate/Foundation/Exceptions/Handler.php(706): Illuminate\\Foundation\\Exceptions\\Handler->prepareResponse(Object(Illuminate\\Http\\Request), Object(Symfony\\Component\\HttpKernel\\Exception\\HttpException))
#23 /home/storage/7/66/ec/danqueiroz1/laravel/vendor/laravel/framework/src/Illuminate/Foundation/Exceptions/Handler.php(594): Illuminate\\Foundation\\Exceptions\\Handler->renderExceptionResponse(Object(Illuminate\\Http\\Request), Object(Error))
#24 /home/storage/7/66/ec/danqueiroz1/laravel/vendor/laravel/framework/src/Illuminate/Foundation/Http/Kernel.php(575): Illuminate\\Foundation\\Exceptions\\Handler->render(Object(Illuminate\\Http\\Request), Object(Error))
#25 /home/storage/7/66/ec/danqueiroz1/laravel/vendor/laravel/framework/src/Illuminate/Foundation/Http/Kernel.php(149): Illuminate\\Foundation\\Http\\Kernel->renderException(Object(Illuminate\\Http\\Request), Object(Error))
#26 /home/storage/7/66/ec/danqueiroz1/public_html/index.php(63): Illuminate\\Foundation\\Http\\Kernel->handle(Object(Illuminate\\Http\\Request))
#27 {main}
"} 
